{"C:\\Users\\krzys\\Documents\\VS\\bluebrick-shelf\\__tests__\\utils\\mongoose.js": {"path":"C:\\Users\\krzys\\Documents\\VS\\bluebrick-shelf\\__tests__\\utils\\mongoose.js","statementMap":{"0":{"start":{"line":4,"column":16},"end":{"line":9,"column":1}},"1":{"start":{"line":12,"column":23},"end":{"line":12,"column":76}},"2":{"start":{"line":12,"column":29},"end":{"line":12,"column":76}},"3":{"start":{"line":14,"column":26},"end":{"line":14,"column":59}},"4":{"start":{"line":14,"column":32},"end":{"line":14,"column":59}},"5":{"start":{"line":16,"column":24},"end":{"line":16,"column":59}},"6":{"start":{"line":16,"column":30},"end":{"line":16,"column":59}}},"fnMap":{"0":{"name":"(anonymous_0)","decl":{"start":{"line":12,"column":23},"end":{"line":12,"column":24}},"loc":{"start":{"line":12,"column":29},"end":{"line":12,"column":76}},"line":12},"1":{"name":"(anonymous_1)","decl":{"start":{"line":14,"column":26},"end":{"line":14,"column":27}},"loc":{"start":{"line":14,"column":32},"end":{"line":14,"column":59}},"line":14},"2":{"name":"(anonymous_2)","decl":{"start":{"line":16,"column":24},"end":{"line":16,"column":25}},"loc":{"start":{"line":16,"column":30},"end":{"line":16,"column":59}},"line":16}},"branchMap":{},"s":{"0":10,"1":10,"2":10,"3":10,"4":10,"5":10,"6":18},"f":{"0":10,"1":10,"2":18},"b":{},"_coverageSchema":"1a1c01bbd47fc00a2c39e90264f33305004495a9","hash":"7854c7e535ffcceaaffb61612ce272478c32472b"}
,"C:\\Users\\krzys\\Documents\\VS\\bluebrick-shelf\\config\\index.js": {"path":"C:\\Users\\krzys\\Documents\\VS\\bluebrick-shelf\\config\\index.js","statementMap":{"0":{"start":{"line":3,"column":17},"end":{"line":3,"column":32}},"1":{"start":{"line":5,"column":0},"end":{"line":7,"column":1}},"2":{"start":{"line":6,"column":2},"end":{"line":6,"column":45}}},"fnMap":{},"branchMap":{"0":{"loc":{"start":{"line":5,"column":0},"end":{"line":7,"column":1}},"type":"if","locations":[{"start":{"line":5,"column":0},"end":{"line":7,"column":1}},{"start":{"line":5,"column":0},"end":{"line":7,"column":1}}],"line":5},"1":{"loc":{"start":{"line":5,"column":4},"end":{"line":5,"column":42}},"type":"binary-expr","locations":[{"start":{"line":5,"column":4},"end":{"line":5,"column":24}},{"start":{"line":5,"column":28},"end":{"line":5,"column":42}}],"line":5},"2":{"loc":{"start":{"line":10,"column":13},"end":{"line":10,"column":42}},"type":"binary-expr","locations":[{"start":{"line":10,"column":13},"end":{"line":10,"column":33}},{"start":{"line":10,"column":37},"end":{"line":10,"column":42}}],"line":10},"3":{"loc":{"start":{"line":11,"column":10},"end":{"line":11,"column":34}},"type":"binary-expr","locations":[{"start":{"line":11,"column":10},"end":{"line":11,"column":26}},{"start":{"line":11,"column":30},"end":{"line":11,"column":34}}],"line":11},"4":{"loc":{"start":{"line":12,"column":14},"end":{"line":12,"column":74}},"type":"binary-expr","locations":[{"start":{"line":12,"column":14},"end":{"line":12,"column":35}},{"start":{"line":12,"column":39},"end":{"line":12,"column":74}}],"line":12},"5":{"loc":{"start":{"line":13,"column":19},"end":{"line":13,"column":90}},"type":"binary-expr","locations":[{"start":{"line":13,"column":19},"end":{"line":13,"column":46}},{"start":{"line":13,"column":50},"end":{"line":13,"column":90}}],"line":13},"6":{"loc":{"start":{"line":14,"column":15},"end":{"line":14,"column":55}},"type":"binary-expr","locations":[{"start":{"line":14,"column":15},"end":{"line":14,"column":37}},{"start":{"line":14,"column":41},"end":{"line":14,"column":55}}],"line":14}},"s":{"0":12,"1":12,"2":0},"f":{},"b":{"0":[0,12],"1":[12,12],"2":[12,0],"3":[12,0],"4":[12,0],"5":[12,0],"6":[12,0]},"_coverageSchema":"1a1c01bbd47fc00a2c39e90264f33305004495a9","hash":"264f18551d3526cee4b2d65d5b14cc55a8a26191"}
,"C:\\Users\\krzys\\Documents\\VS\\bluebrick-shelf\\src\\errors\\bad-request.js": {"path":"C:\\Users\\krzys\\Documents\\VS\\bluebrick-shelf\\src\\errors\\bad-request.js","statementMap":{"0":{"start":{"line":5,"column":17},"end":{"line":5,"column":20}},"1":{"start":{"line":8,"column":8},"end":{"line":8,"column":23}},"2":{"start":{"line":10,"column":8},"end":{"line":10,"column":30}},"3":{"start":{"line":12,"column":8},"end":{"line":12,"column":63}},"4":{"start":{"line":16,"column":8},"end":{"line":16,"column":43}}},"fnMap":{"0":{"name":"(anonymous_0)","decl":{"start":{"line":7,"column":4},"end":{"line":7,"column":5}},"loc":{"start":{"line":7,"column":25},"end":{"line":13,"column":5}},"line":7},"1":{"name":"(anonymous_1)","decl":{"start":{"line":15,"column":4},"end":{"line":15,"column":5}},"loc":{"start":{"line":15,"column":22},"end":{"line":17,"column":5}},"line":15}},"branchMap":{},"s":{"0":16,"1":16,"2":16,"3":16,"4":4},"f":{"0":16,"1":4},"b":{},"_coverageSchema":"1a1c01bbd47fc00a2c39e90264f33305004495a9","hash":"56b897d03436ac4e01f9ef2b9238f235380a8e71"}
,"C:\\Users\\krzys\\Documents\\VS\\bluebrick-shelf\\src\\errors\\custom-error.js": {"path":"C:\\Users\\krzys\\Documents\\VS\\bluebrick-shelf\\src\\errors\\custom-error.js","statementMap":{"0":{"start":{"line":4,"column":8},"end":{"line":4,"column":22}},"1":{"start":{"line":6,"column":8},"end":{"line":6,"column":58}},"2":{"start":{"line":8,"column":8},"end":{"line":10,"column":9}},"3":{"start":{"line":9,"column":12},"end":{"line":9,"column":73}},"4":{"start":{"line":14,"column":8},"end":{"line":14,"column":58}}},"fnMap":{"0":{"name":"(anonymous_0)","decl":{"start":{"line":3,"column":4},"end":{"line":3,"column":5}},"loc":{"start":{"line":3,"column":24},"end":{"line":11,"column":5}},"line":3},"1":{"name":"(anonymous_1)","decl":{"start":{"line":13,"column":4},"end":{"line":13,"column":5}},"loc":{"start":{"line":13,"column":22},"end":{"line":15,"column":5}},"line":13}},"branchMap":{"0":{"loc":{"start":{"line":8,"column":8},"end":{"line":10,"column":9}},"type":"if","locations":[{"start":{"line":8,"column":8},"end":{"line":10,"column":9}},{"start":{"line":8,"column":8},"end":{"line":10,"column":9}}],"line":8}},"s":{"0":36,"1":36,"2":36,"3":1,"4":0},"f":{"0":36,"1":0},"b":{"0":[1,35]},"_coverageSchema":"1a1c01bbd47fc00a2c39e90264f33305004495a9","hash":"f4568435efff7a59249aece41481e24469c5f73f"}
,"C:\\Users\\krzys\\Documents\\VS\\bluebrick-shelf\\src\\errors\\index.js": {"path":"C:\\Users\\krzys\\Documents\\VS\\bluebrick-shelf\\src\\errors\\index.js","statementMap":{},"fnMap":{},"branchMap":{},"s":{},"f":{},"b":{},"_coverageSchema":"1a1c01bbd47fc00a2c39e90264f33305004495a9","hash":"43b95c9844dde4fd2269367e139ff5028d12a19b"}
,"C:\\Users\\krzys\\Documents\\VS\\bluebrick-shelf\\src\\errors\\not-authorized.js": {"path":"C:\\Users\\krzys\\Documents\\VS\\bluebrick-shelf\\src\\errors\\not-authorized.js","statementMap":{"0":{"start":{"line":5,"column":17},"end":{"line":5,"column":20}},"1":{"start":{"line":8,"column":8},"end":{"line":8,"column":32}},"2":{"start":{"line":10,"column":8},"end":{"line":10,"column":66}},"3":{"start":{"line":14,"column":8},"end":{"line":14,"column":47}}},"fnMap":{"0":{"name":"(anonymous_0)","decl":{"start":{"line":7,"column":4},"end":{"line":7,"column":5}},"loc":{"start":{"line":7,"column":18},"end":{"line":11,"column":5}},"line":7},"1":{"name":"(anonymous_1)","decl":{"start":{"line":13,"column":4},"end":{"line":13,"column":5}},"loc":{"start":{"line":13,"column":22},"end":{"line":15,"column":5}},"line":13}},"branchMap":{},"s":{"0":6,"1":6,"2":6,"3":4},"f":{"0":6,"1":4},"b":{},"_coverageSchema":"1a1c01bbd47fc00a2c39e90264f33305004495a9","hash":"779825f0ad6e1be5dbd7285d4040d323c9d2fe99"}
,"C:\\Users\\krzys\\Documents\\VS\\bluebrick-shelf\\src\\errors\\not-found.js": {"path":"C:\\Users\\krzys\\Documents\\VS\\bluebrick-shelf\\src\\errors\\not-found.js","statementMap":{"0":{"start":{"line":5,"column":17},"end":{"line":5,"column":20}},"1":{"start":{"line":8,"column":8},"end":{"line":8,"column":32}},"2":{"start":{"line":10,"column":8},"end":{"line":10,"column":60}},"3":{"start":{"line":14,"column":8},"end":{"line":14,"column":41}}},"fnMap":{"0":{"name":"(anonymous_0)","decl":{"start":{"line":7,"column":4},"end":{"line":7,"column":5}},"loc":{"start":{"line":7,"column":17},"end":{"line":11,"column":5}},"line":7},"1":{"name":"(anonymous_1)","decl":{"start":{"line":13,"column":4},"end":{"line":13,"column":5}},"loc":{"start":{"line":13,"column":21},"end":{"line":15,"column":5}},"line":13}},"branchMap":{},"s":{"0":4,"1":4,"2":4,"3":4},"f":{"0":4,"1":4},"b":{},"_coverageSchema":"1a1c01bbd47fc00a2c39e90264f33305004495a9","hash":"287b4523c4b5693877a8738a95bf0b6097ee72db"}
,"C:\\Users\\krzys\\Documents\\VS\\bluebrick-shelf\\src\\errors\\request-validation.js": {"path":"C:\\Users\\krzys\\Documents\\VS\\bluebrick-shelf\\src\\errors\\request-validation.js","statementMap":{"0":{"start":{"line":5,"column":17},"end":{"line":5,"column":20}},"1":{"start":{"line":8,"column":8},"end":{"line":8,"column":43}},"2":{"start":{"line":9,"column":8},"end":{"line":9,"column":28}},"3":{"start":{"line":11,"column":8},"end":{"line":11,"column":69}},"4":{"start":{"line":15,"column":8},"end":{"line":20,"column":11}},"5":{"start":{"line":16,"column":12},"end":{"line":19,"column":13}}},"fnMap":{"0":{"name":"(anonymous_0)","decl":{"start":{"line":7,"column":4},"end":{"line":7,"column":5}},"loc":{"start":{"line":7,"column":23},"end":{"line":12,"column":5}},"line":7},"1":{"name":"(anonymous_1)","decl":{"start":{"line":14,"column":4},"end":{"line":14,"column":5}},"loc":{"start":{"line":14,"column":22},"end":{"line":21,"column":5}},"line":14},"2":{"name":"(anonymous_2)","decl":{"start":{"line":15,"column":31},"end":{"line":15,"column":32}},"loc":{"start":{"line":15,"column":40},"end":{"line":20,"column":9}},"line":15}},"branchMap":{},"s":{"0":9,"1":9,"2":9,"3":9,"4":8,"5":13},"f":{"0":9,"1":8,"2":13},"b":{},"_coverageSchema":"1a1c01bbd47fc00a2c39e90264f33305004495a9","hash":"d9ca07eb313252d8257d0bc9c2c274687f220ca5"}
,"C:\\Users\\krzys\\Documents\\VS\\bluebrick-shelf\\src\\loaders\\express.js": {"path":"C:\\Users\\krzys\\Documents\\VS\\bluebrick-shelf\\src\\loaders\\express.js","statementMap":{"0":{"start":{"line":17,"column":16},"end":{"line":17,"column":25}},"1":{"start":{"line":19,"column":4},"end":{"line":19,"column":19}},"2":{"start":{"line":20,"column":4},"end":{"line":20,"column":27}},"3":{"start":{"line":22,"column":4},"end":{"line":22,"column":31}},"4":{"start":{"line":23,"column":4},"end":{"line":23,"column":31}},"5":{"start":{"line":24,"column":4},"end":{"line":24,"column":33}},"6":{"start":{"line":25,"column":4},"end":{"line":25,"column":34}},"7":{"start":{"line":26,"column":4},"end":{"line":26,"column":33}},"8":{"start":{"line":28,"column":4},"end":{"line":30,"column":6}},"9":{"start":{"line":29,"column":8},"end":{"line":29,"column":33}},"10":{"start":{"line":32,"column":4},"end":{"line":32,"column":25}},"11":{"start":{"line":35,"column":4},"end":{"line":35,"column":14}}},"fnMap":{"0":{"name":"(anonymous_0)","decl":{"start":{"line":16,"column":16},"end":{"line":16,"column":17}},"loc":{"start":{"line":16,"column":22},"end":{"line":36,"column":1}},"line":16},"1":{"name":"(anonymous_1)","decl":{"start":{"line":28,"column":17},"end":{"line":28,"column":18}},"loc":{"start":{"line":28,"column":29},"end":{"line":30,"column":5}},"line":28}},"branchMap":{},"s":{"0":6,"1":6,"2":6,"3":6,"4":6,"5":6,"6":6,"7":6,"8":6,"9":2,"10":6,"11":6},"f":{"0":6,"1":2},"b":{},"_coverageSchema":"1a1c01bbd47fc00a2c39e90264f33305004495a9","hash":"68db804a1da92283837fb5fb09434cbfa0e7fc60"}
,"C:\\Users\\krzys\\Documents\\VS\\bluebrick-shelf\\src\\middleware\\auth.js": {"path":"C:\\Users\\krzys\\Documents\\VS\\bluebrick-shelf\\src\\middleware\\auth.js","statementMap":{"0":{"start":{"line":7,"column":18},"end":{"line":7,"column":35}},"1":{"start":{"line":9,"column":4},"end":{"line":11,"column":5}},"2":{"start":{"line":10,"column":8},"end":{"line":10,"column":38}},"3":{"start":{"line":13,"column":4},"end":{"line":13,"column":21}},"4":{"start":{"line":14,"column":4},"end":{"line":14,"column":56}},"5":{"start":{"line":16,"column":4},"end":{"line":16,"column":10}}},"fnMap":{"0":{"name":"(anonymous_0)","decl":{"start":{"line":6,"column":15},"end":{"line":6,"column":16}},"loc":{"start":{"line":6,"column":41},"end":{"line":17,"column":1}},"line":6}},"branchMap":{"0":{"loc":{"start":{"line":9,"column":4},"end":{"line":11,"column":5}},"type":"if","locations":[{"start":{"line":9,"column":4},"end":{"line":11,"column":5}},{"start":{"line":9,"column":4},"end":{"line":11,"column":5}}],"line":9}},"s":{"0":12,"1":12,"2":3,"3":9,"4":9,"5":9},"f":{"0":12},"b":{"0":[3,9]},"_coverageSchema":"1a1c01bbd47fc00a2c39e90264f33305004495a9","hash":"b4bcd961fa0033314b6ccc4b55562b3e11f8c994"}
,"C:\\Users\\krzys\\Documents\\VS\\bluebrick-shelf\\src\\middleware\\error-handler.js": {"path":"C:\\Users\\krzys\\Documents\\VS\\bluebrick-shelf\\src\\middleware\\error-handler.js","statementMap":{"0":{"start":{"line":6,"column":2},"end":{"line":8,"column":3}},"1":{"start":{"line":7,"column":4},"end":{"line":7,"column":20}},"2":{"start":{"line":10,"column":2},"end":{"line":12,"column":3}},"3":{"start":{"line":11,"column":4},"end":{"line":11,"column":78}},"4":{"start":{"line":14,"column":2},"end":{"line":16,"column":3}},"5":{"start":{"line":15,"column":4},"end":{"line":15,"column":82}},"6":{"start":{"line":18,"column":2},"end":{"line":20,"column":5}}},"fnMap":{"0":{"name":"(anonymous_0)","decl":{"start":{"line":4,"column":15},"end":{"line":4,"column":16}},"loc":{"start":{"line":4,"column":40},"end":{"line":21,"column":1}},"line":4}},"branchMap":{"0":{"loc":{"start":{"line":6,"column":2},"end":{"line":8,"column":3}},"type":"if","locations":[{"start":{"line":6,"column":2},"end":{"line":8,"column":3}},{"start":{"line":6,"column":2},"end":{"line":8,"column":3}}],"line":6},"1":{"loc":{"start":{"line":10,"column":2},"end":{"line":12,"column":3}},"type":"if","locations":[{"start":{"line":10,"column":2},"end":{"line":12,"column":3}},{"start":{"line":10,"column":2},"end":{"line":12,"column":3}}],"line":10},"2":{"loc":{"start":{"line":14,"column":2},"end":{"line":16,"column":3}},"type":"if","locations":[{"start":{"line":14,"column":2},"end":{"line":16,"column":3}},{"start":{"line":14,"column":2},"end":{"line":16,"column":3}}],"line":14},"3":{"loc":{"start":{"line":14,"column":6},"end":{"line":14,"column":78}},"type":"binary-expr","locations":[{"start":{"line":14,"column":6},"end":{"line":14,"column":49}},{"start":{"line":14,"column":53},"end":{"line":14,"column":78}}],"line":14}},"s":{"0":18,"1":0,"2":18,"3":16,"4":2,"5":1,"6":1},"f":{"0":18},"b":{"0":[0,18],"1":[16,2],"2":[1,1],"3":[2,2]},"_coverageSchema":"1a1c01bbd47fc00a2c39e90264f33305004495a9","hash":"6f8c1091617771bda023e302d93b85ac19195c9d"}
,"C:\\Users\\krzys\\Documents\\VS\\bluebrick-shelf\\src\\middleware\\validate-request.js": {"path":"C:\\Users\\krzys\\Documents\\VS\\bluebrick-shelf\\src\\middleware\\validate-request.js","statementMap":{"0":{"start":{"line":5,"column":19},"end":{"line":5,"column":40}},"1":{"start":{"line":7,"column":4},"end":{"line":9,"column":5}},"2":{"start":{"line":8,"column":8},"end":{"line":8,"column":81}},"3":{"start":{"line":11,"column":4},"end":{"line":11,"column":11}}},"fnMap":{"0":{"name":"(anonymous_0)","decl":{"start":{"line":4,"column":15},"end":{"line":4,"column":16}},"loc":{"start":{"line":4,"column":35},"end":{"line":12,"column":1}},"line":4}},"branchMap":{"0":{"loc":{"start":{"line":7,"column":4},"end":{"line":9,"column":5}},"type":"if","locations":[{"start":{"line":7,"column":4},"end":{"line":9,"column":5}},{"start":{"line":7,"column":4},"end":{"line":9,"column":5}}],"line":7}},"s":{"0":16,"1":16,"2":8,"3":8},"f":{"0":16},"b":{"0":[8,8]},"_coverageSchema":"1a1c01bbd47fc00a2c39e90264f33305004495a9","hash":"35297267fef8178ee7afbcceb9fe8279d5c0ff65"}
,"C:\\Users\\krzys\\Documents\\VS\\bluebrick-shelf\\src\\models\\activity.model.js": {"path":"C:\\Users\\krzys\\Documents\\VS\\bluebrick-shelf\\src\\models\\activity.model.js","statementMap":{"0":{"start":{"line":4,"column":23},"end":{"line":10,"column":24}}},"fnMap":{},"branchMap":{},"s":{"0":7},"f":{},"b":{},"_coverageSchema":"1a1c01bbd47fc00a2c39e90264f33305004495a9","hash":"6817adb7b7ac82161c0b5885fdd02662321c36ab"}
,"C:\\Users\\krzys\\Documents\\VS\\bluebrick-shelf\\src\\models\\book.model.js": {"path":"C:\\Users\\krzys\\Documents\\VS\\bluebrick-shelf\\src\\models\\book.model.js","statementMap":{"0":{"start":{"line":4,"column":19},"end":{"line":18,"column":2}}},"fnMap":{},"branchMap":{},"s":{"0":8},"f":{},"b":{},"_coverageSchema":"1a1c01bbd47fc00a2c39e90264f33305004495a9","hash":"a3336c9912c8b47e2ab26f38c2e4c1891471a896"}
,"C:\\Users\\krzys\\Documents\\VS\\bluebrick-shelf\\src\\models\\user.model.js": {"path":"C:\\Users\\krzys\\Documents\\VS\\bluebrick-shelf\\src\\models\\user.model.js","statementMap":{"0":{"start":{"line":7,"column":19},"end":{"line":33,"column":24}},"1":{"start":{"line":36,"column":0},"end":{"line":46,"column":1}},"2":{"start":{"line":37,"column":23},"end":{"line":37,"column":38}},"3":{"start":{"line":39,"column":4},"end":{"line":39,"column":27}},"4":{"start":{"line":40,"column":4},"end":{"line":40,"column":30}},"5":{"start":{"line":41,"column":4},"end":{"line":41,"column":28}},"6":{"start":{"line":42,"column":4},"end":{"line":42,"column":26}},"7":{"start":{"line":43,"column":4},"end":{"line":43,"column":25}},"8":{"start":{"line":45,"column":4},"end":{"line":45,"column":21}},"9":{"start":{"line":49,"column":0},"end":{"line":58,"column":1}},"10":{"start":{"line":50,"column":17},"end":{"line":50,"column":21}},"11":{"start":{"line":51,"column":18},"end":{"line":51,"column":74}},"12":{"start":{"line":53,"column":4},"end":{"line":53,"column":54}},"13":{"start":{"line":55,"column":4},"end":{"line":55,"column":21}},"14":{"start":{"line":57,"column":4},"end":{"line":57,"column":16}},"15":{"start":{"line":62,"column":0},"end":{"line":76,"column":1}},"16":{"start":{"line":63,"column":17},"end":{"line":63,"column":46}},"17":{"start":{"line":65,"column":4},"end":{"line":67,"column":5}},"18":{"start":{"line":66,"column":8},"end":{"line":66,"column":52}},"19":{"start":{"line":69,"column":20},"end":{"line":69,"column":65}},"20":{"start":{"line":71,"column":4},"end":{"line":73,"column":5}},"21":{"start":{"line":72,"column":8},"end":{"line":72,"column":52}},"22":{"start":{"line":75,"column":4},"end":{"line":75,"column":15}},"23":{"start":{"line":79,"column":0},"end":{"line":89,"column":2}},"24":{"start":{"line":81,"column":17},"end":{"line":81,"column":21}},"25":{"start":{"line":83,"column":4},"end":{"line":85,"column":5}},"26":{"start":{"line":84,"column":8},"end":{"line":84,"column":59}},"27":{"start":{"line":87,"column":4},"end":{"line":87,"column":10}},"28":{"start":{"line":91,"column":13},"end":{"line":91,"column":51}}},"fnMap":{"0":{"name":"(anonymous_0)","decl":{"start":{"line":36,"column":28},"end":{"line":36,"column":29}},"loc":{"start":{"line":36,"column":40},"end":{"line":46,"column":1}},"line":36},"1":{"name":"(anonymous_1)","decl":{"start":{"line":49,"column":39},"end":{"line":49,"column":40}},"loc":{"start":{"line":49,"column":57},"end":{"line":58,"column":1}},"line":49},"2":{"name":"(anonymous_2)","decl":{"start":{"line":62,"column":39},"end":{"line":62,"column":40}},"loc":{"start":{"line":62,"column":66},"end":{"line":76,"column":1}},"line":62},"3":{"name":"(anonymous_3)","decl":{"start":{"line":79,"column":23},"end":{"line":79,"column":24}},"loc":{"start":{"line":79,"column":45},"end":{"line":89,"column":1}},"line":79}},"branchMap":{"0":{"loc":{"start":{"line":65,"column":4},"end":{"line":67,"column":5}},"type":"if","locations":[{"start":{"line":65,"column":4},"end":{"line":67,"column":5}},{"start":{"line":65,"column":4},"end":{"line":67,"column":5}}],"line":65},"1":{"loc":{"start":{"line":71,"column":4},"end":{"line":73,"column":5}},"type":"if","locations":[{"start":{"line":71,"column":4},"end":{"line":73,"column":5}},{"start":{"line":71,"column":4},"end":{"line":73,"column":5}}],"line":71},"2":{"loc":{"start":{"line":83,"column":4},"end":{"line":85,"column":5}},"type":"if","locations":[{"start":{"line":83,"column":4},"end":{"line":85,"column":5}},{"start":{"line":83,"column":4},"end":{"line":85,"column":5}}],"line":83}},"s":{"0":10,"1":10,"2":4,"3":4,"4":4,"5":4,"6":4,"7":4,"8":4,"9":10,"10":3,"11":3,"12":3,"13":3,"14":3,"15":10,"16":9,"17":9,"18":3,"19":6,"20":6,"21":3,"22":3,"23":10,"24":18,"25":18,"26":13,"27":18,"28":10},"f":{"0":4,"1":3,"2":9,"3":18},"b":{"0":[3,6],"1":[3,3],"2":[13,5]},"_coverageSchema":"1a1c01bbd47fc00a2c39e90264f33305004495a9","hash":"2268a155dfa8b22929eed5dc97db794775d24f7e"}
,"C:\\Users\\krzys\\Documents\\VS\\bluebrick-shelf\\src\\routes\\feed.js": {"path":"C:\\Users\\krzys\\Documents\\VS\\bluebrick-shelf\\src\\routes\\feed.js","statementMap":{"0":{"start":{"line":6,"column":15},"end":{"line":6,"column":23}},"1":{"start":{"line":8,"column":0},"end":{"line":35,"column":1}},"2":{"start":{"line":13,"column":27},"end":{"line":13,"column":66}},"3":{"start":{"line":15,"column":8},"end":{"line":15,"column":57}},"4":{"start":{"line":21,"column":21},"end":{"line":29,"column":10}},"5":{"start":{"line":22,"column":12},"end":{"line":28,"column":13}},"6":{"start":{"line":31,"column":8},"end":{"line":33,"column":19}}},"fnMap":{"0":{"name":"(anonymous_0)","decl":{"start":{"line":11,"column":4},"end":{"line":11,"column":5}},"loc":{"start":{"line":11,"column":24},"end":{"line":34,"column":5}},"line":11},"1":{"name":"(anonymous_1)","decl":{"start":{"line":21,"column":36},"end":{"line":21,"column":37}},"loc":{"start":{"line":21,"column":44},"end":{"line":29,"column":9}},"line":21}},"branchMap":{},"s":{"0":6,"1":6,"2":2,"3":2,"4":2,"5":2,"6":2},"f":{"0":2,"1":2},"b":{},"_coverageSchema":"1a1c01bbd47fc00a2c39e90264f33305004495a9","hash":"ff6f943faeb576b940bbc0258eb3af664f9a5928"}
,"C:\\Users\\krzys\\Documents\\VS\\bluebrick-shelf\\src\\routes\\rate.js": {"path":"C:\\Users\\krzys\\Documents\\VS\\bluebrick-shelf\\src\\routes\\rate.js","statementMap":{"0":{"start":{"line":8,"column":15},"end":{"line":8,"column":23}},"1":{"start":{"line":10,"column":0},"end":{"line":83,"column":1}},"2":{"start":{"line":17,"column":16},"end":{"line":19,"column":17}},"3":{"start":{"line":18,"column":20},"end":{"line":18,"column":32}},"4":{"start":{"line":20,"column":16},"end":{"line":20,"column":27}},"5":{"start":{"line":26,"column":16},"end":{"line":28,"column":17}},"6":{"start":{"line":27,"column":20},"end":{"line":27,"column":32}},"7":{"start":{"line":29,"column":16},"end":{"line":29,"column":27}},"8":{"start":{"line":35,"column":16},"end":{"line":37,"column":17}},"9":{"start":{"line":36,"column":20},"end":{"line":36,"column":32}},"10":{"start":{"line":38,"column":16},"end":{"line":38,"column":27}},"11":{"start":{"line":47,"column":21},"end":{"line":47,"column":29}},"12":{"start":{"line":48,"column":23},"end":{"line":48,"column":34}},"13":{"start":{"line":52,"column":8},"end":{"line":56,"column":9}},"14":{"start":{"line":53,"column":12},"end":{"line":55,"column":13}},"15":{"start":{"line":54,"column":16},"end":{"line":54,"column":34}},"16":{"start":{"line":67,"column":27},"end":{"line":70,"column":9}},"17":{"start":{"line":73,"column":21},"end":{"line":73,"column":66}},"18":{"start":{"line":75,"column":8},"end":{"line":75,"column":66}},"19":{"start":{"line":77,"column":8},"end":{"line":81,"column":10}}},"fnMap":{"0":{"name":"(anonymous_0)","decl":{"start":{"line":16,"column":20},"end":{"line":16,"column":21}},"loc":{"start":{"line":16,"column":29},"end":{"line":21,"column":13}},"line":16},"1":{"name":"(anonymous_1)","decl":{"start":{"line":25,"column":20},"end":{"line":25,"column":21}},"loc":{"start":{"line":25,"column":29},"end":{"line":30,"column":13}},"line":25},"2":{"name":"(anonymous_2)","decl":{"start":{"line":34,"column":20},"end":{"line":34,"column":21}},"loc":{"start":{"line":34,"column":29},"end":{"line":39,"column":13}},"line":34},"3":{"name":"(anonymous_3)","decl":{"start":{"line":44,"column":4},"end":{"line":44,"column":5}},"loc":{"start":{"line":44,"column":24},"end":{"line":82,"column":5}},"line":44}},"branchMap":{"0":{"loc":{"start":{"line":17,"column":16},"end":{"line":19,"column":17}},"type":"if","locations":[{"start":{"line":17,"column":16},"end":{"line":19,"column":17}},{"start":{"line":17,"column":16},"end":{"line":19,"column":17}}],"line":17},"1":{"loc":{"start":{"line":26,"column":16},"end":{"line":28,"column":17}},"type":"if","locations":[{"start":{"line":26,"column":16},"end":{"line":28,"column":17}},{"start":{"line":26,"column":16},"end":{"line":28,"column":17}}],"line":26},"2":{"loc":{"start":{"line":35,"column":16},"end":{"line":37,"column":17}},"type":"if","locations":[{"start":{"line":35,"column":16},"end":{"line":37,"column":17}},{"start":{"line":35,"column":16},"end":{"line":37,"column":17}}],"line":35},"3":{"loc":{"start":{"line":35,"column":19},"end":{"line":35,"column":52}},"type":"binary-expr","locations":[{"start":{"line":35,"column":19},"end":{"line":35,"column":24}},{"start":{"line":35,"column":28},"end":{"line":35,"column":52}}],"line":35},"4":{"loc":{"start":{"line":53,"column":12},"end":{"line":55,"column":13}},"type":"if","locations":[{"start":{"line":53,"column":12},"end":{"line":55,"column":13}},{"start":{"line":53,"column":12},"end":{"line":55,"column":13}}],"line":53}},"s":{"0":6,"1":6,"2":5,"3":2,"4":3,"5":5,"6":2,"7":3,"8":2,"9":1,"10":1,"11":2,"12":2,"13":2,"14":6,"15":3,"16":2,"17":2,"18":2,"19":2},"f":{"0":5,"1":5,"2":2,"3":2},"b":{"0":[2,3],"1":[2,3],"2":[1,1],"3":[2,2],"4":[3,3]},"_coverageSchema":"1a1c01bbd47fc00a2c39e90264f33305004495a9","hash":"db48ec8f8cd052a827435e1d227d0c2f3c37c0bc"}
,"C:\\Users\\krzys\\Documents\\VS\\bluebrick-shelf\\src\\routes\\signin.js": {"path":"C:\\Users\\krzys\\Documents\\VS\\bluebrick-shelf\\src\\routes\\signin.js","statementMap":{"0":{"start":{"line":6,"column":15},"end":{"line":6,"column":23}},"1":{"start":{"line":8,"column":0},"end":{"line":41,"column":1}},"2":{"start":{"line":21,"column":32},"end":{"line":21,"column":91}},"3":{"start":{"line":23,"column":8},"end":{"line":39,"column":10}}},"fnMap":{"0":{"name":"(anonymous_0)","decl":{"start":{"line":20,"column":4},"end":{"line":20,"column":5}},"loc":{"start":{"line":20,"column":24},"end":{"line":40,"column":5}},"line":20}},"branchMap":{},"s":{"0":6,"1":6,"2":3,"3":1},"f":{"0":3},"b":{},"_coverageSchema":"1a1c01bbd47fc00a2c39e90264f33305004495a9","hash":"00afcc3f219601a6b6c41b9d6907f145fd8b3090"}
,"C:\\Users\\krzys\\Documents\\VS\\bluebrick-shelf\\src\\routes\\signout.js": {"path":"C:\\Users\\krzys\\Documents\\VS\\bluebrick-shelf\\src\\routes\\signout.js","statementMap":{"0":{"start":{"line":5,"column":15},"end":{"line":5,"column":23}},"1":{"start":{"line":7,"column":0},"end":{"line":23,"column":1}},"2":{"start":{"line":11,"column":21},"end":{"line":11,"column":67}},"3":{"start":{"line":13,"column":8},"end":{"line":21,"column":10}}},"fnMap":{"0":{"name":"(anonymous_0)","decl":{"start":{"line":10,"column":4},"end":{"line":10,"column":5}},"loc":{"start":{"line":10,"column":24},"end":{"line":22,"column":5}},"line":10}},"branchMap":{},"s":{"0":6,"1":6,"2":1,"3":1},"f":{"0":1},"b":{},"_coverageSchema":"1a1c01bbd47fc00a2c39e90264f33305004495a9","hash":"29c8907fbca16cc6db6c5de7257f213647dea731"}
,"C:\\Users\\krzys\\Documents\\VS\\bluebrick-shelf\\src\\routes\\signup.js": {"path":"C:\\Users\\krzys\\Documents\\VS\\bluebrick-shelf\\src\\routes\\signup.js","statementMap":{"0":{"start":{"line":6,"column":15},"end":{"line":6,"column":23}},"1":{"start":{"line":8,"column":0},"end":{"line":32,"column":1}},"2":{"start":{"line":21,"column":21},"end":{"line":21,"column":80}},"3":{"start":{"line":23,"column":8},"end":{"line":30,"column":10}}},"fnMap":{"0":{"name":"(anonymous_0)","decl":{"start":{"line":20,"column":4},"end":{"line":20,"column":5}},"loc":{"start":{"line":20,"column":24},"end":{"line":31,"column":5}},"line":20}},"branchMap":{},"s":{"0":6,"1":6,"2":2,"3":1},"f":{"0":2},"b":{},"_coverageSchema":"1a1c01bbd47fc00a2c39e90264f33305004495a9","hash":"bafeb0108bb3fe2d6c506881182d17a6b4f3c947"}
,"C:\\Users\\krzys\\Documents\\VS\\bluebrick-shelf\\src\\schemas\\rating.js": {"path":"C:\\Users\\krzys\\Documents\\VS\\bluebrick-shelf\\src\\schemas\\rating.js","statementMap":{"0":{"start":{"line":14,"column":12},"end":{"line":16,"column":13}},"1":{"start":{"line":15,"column":16},"end":{"line":15,"column":64}}},"fnMap":{"0":{"name":"(anonymous_0)","decl":{"start":{"line":13,"column":8},"end":{"line":13,"column":9}},"loc":{"start":{"line":13,"column":24},"end":{"line":17,"column":9}},"line":13}},"branchMap":{"0":{"loc":{"start":{"line":14,"column":12},"end":{"line":16,"column":13}},"type":"if","locations":[{"start":{"line":14,"column":12},"end":{"line":16,"column":13}},{"start":{"line":14,"column":12},"end":{"line":16,"column":13}}],"line":14}},"s":{"0":21,"1":0},"f":{"0":21},"b":{"0":[0,21]},"_coverageSchema":"1a1c01bbd47fc00a2c39e90264f33305004495a9","hash":"02b1b0764d86aea35c0e5889fc683b3eba9d5e2a"}
,"C:\\Users\\krzys\\Documents\\VS\\bluebrick-shelf\\src\\services\\activity.service.js": {"path":"C:\\Users\\krzys\\Documents\\VS\\bluebrick-shelf\\src\\services\\activity.service.js","statementMap":{"0":{"start":{"line":5,"column":23},"end":{"line":12,"column":1}},"1":{"start":{"line":6,"column":21},"end":{"line":9,"column":6}},"2":{"start":{"line":11,"column":4},"end":{"line":11,"column":23}},"3":{"start":{"line":14,"column":16},"end":{"line":33,"column":1}},"4":{"start":{"line":15,"column":4},"end":{"line":32,"column":5}},"5":{"start":{"line":35,"column":18},"end":{"line":37,"column":1}},"6":{"start":{"line":36,"column":4},"end":{"line":36,"column":33}}},"fnMap":{"0":{"name":"(anonymous_0)","decl":{"start":{"line":5,"column":23},"end":{"line":5,"column":24}},"loc":{"start":{"line":5,"column":53},"end":{"line":12,"column":1}},"line":5},"1":{"name":"(anonymous_1)","decl":{"start":{"line":14,"column":16},"end":{"line":14,"column":17}},"loc":{"start":{"line":14,"column":32},"end":{"line":33,"column":1}},"line":14},"2":{"name":"(anonymous_2)","decl":{"start":{"line":35,"column":18},"end":{"line":35,"column":19}},"loc":{"start":{"line":35,"column":30},"end":{"line":37,"column":1}},"line":35}},"branchMap":{},"s":{"0":7,"1":4,"2":4,"3":7,"4":4,"5":7,"6":1},"f":{"0":4,"1":4,"2":1},"b":{},"_coverageSchema":"1a1c01bbd47fc00a2c39e90264f33305004495a9","hash":"ec84db0f6bd3f678020cb64db0a11bd8d85de31e"}
,"C:\\Users\\krzys\\Documents\\VS\\bluebrick-shelf\\src\\services\\book.service.js": {"path":"C:\\Users\\krzys\\Documents\\VS\\bluebrick-shelf\\src\\services\\book.service.js","statementMap":{"0":{"start":{"line":5,"column":24},"end":{"line":36,"column":1}},"1":{"start":{"line":6,"column":18},"end":{"line":32,"column":5}},"2":{"start":{"line":34,"column":4},"end":{"line":34,"column":29}},"3":{"start":{"line":35,"column":4},"end":{"line":35,"column":32}},"4":{"start":{"line":39,"column":16},"end":{"line":65,"column":1}},"5":{"start":{"line":40,"column":17},"end":{"line":40,"column":47}},"6":{"start":{"line":42,"column":4},"end":{"line":44,"column":5}},"7":{"start":{"line":43,"column":8},"end":{"line":43,"column":56}},"8":{"start":{"line":47,"column":22},"end":{"line":49,"column":6}},"9":{"start":{"line":48,"column":8},"end":{"line":48,"column":64}},"10":{"start":{"line":51,"column":4},"end":{"line":60,"column":5}},"11":{"start":{"line":53,"column":8},"end":{"line":55,"column":9}},"12":{"start":{"line":54,"column":12},"end":{"line":54,"column":65}},"13":{"start":{"line":59,"column":8},"end":{"line":59,"column":58}},"14":{"start":{"line":62,"column":4},"end":{"line":62,"column":21}},"15":{"start":{"line":64,"column":4},"end":{"line":64,"column":15}}},"fnMap":{"0":{"name":"(anonymous_0)","decl":{"start":{"line":5,"column":24},"end":{"line":5,"column":25}},"loc":{"start":{"line":5,"column":36},"end":{"line":36,"column":1}},"line":5},"1":{"name":"(anonymous_1)","decl":{"start":{"line":39,"column":16},"end":{"line":39,"column":17}},"loc":{"start":{"line":39,"column":46},"end":{"line":65,"column":1}},"line":39},"2":{"name":"(anonymous_2)","decl":{"start":{"line":47,"column":48},"end":{"line":47,"column":49}},"loc":{"start":{"line":47,"column":56},"end":{"line":49,"column":5}},"line":47}},"branchMap":{"0":{"loc":{"start":{"line":42,"column":4},"end":{"line":44,"column":5}},"type":"if","locations":[{"start":{"line":42,"column":4},"end":{"line":44,"column":5}},{"start":{"line":42,"column":4},"end":{"line":44,"column":5}}],"line":42},"1":{"loc":{"start":{"line":51,"column":4},"end":{"line":60,"column":5}},"type":"if","locations":[{"start":{"line":51,"column":4},"end":{"line":60,"column":5}},{"start":{"line":51,"column":4},"end":{"line":60,"column":5}}],"line":51}},"s":{"0":7,"1":1,"2":1,"3":1,"4":7,"5":8,"6":8,"7":1,"8":7,"9":4,"10":7,"11":3,"12":7,"13":4,"14":7,"15":7},"f":{"0":1,"1":8,"2":4},"b":{"0":[1,7],"1":[3,4]},"_coverageSchema":"1a1c01bbd47fc00a2c39e90264f33305004495a9","hash":"5f2e5ddf5c8cce27f4daa06974b99cbe2e75db1a"}
,"C:\\Users\\krzys\\Documents\\VS\\bluebrick-shelf\\src\\services\\user.service.js": {"path":"C:\\Users\\krzys\\Documents\\VS\\bluebrick-shelf\\src\\services\\user.service.js","statementMap":{"0":{"start":{"line":8,"column":15},"end":{"line":22,"column":1}},"1":{"start":{"line":10,"column":25},"end":{"line":10,"column":54}},"2":{"start":{"line":12,"column":4},"end":{"line":14,"column":5}},"3":{"start":{"line":13,"column":8},"end":{"line":13,"column":52}},"4":{"start":{"line":16,"column":17},"end":{"line":19,"column":6}},"5":{"start":{"line":21,"column":4},"end":{"line":21,"column":15}},"6":{"start":{"line":24,"column":15},"end":{"line":30,"column":1}},"7":{"start":{"line":26,"column":17},"end":{"line":26,"column":62}},"8":{"start":{"line":27,"column":18},"end":{"line":27,"column":48}},"9":{"start":{"line":29,"column":4},"end":{"line":29,"column":26}},"10":{"start":{"line":32,"column":25},"end":{"line":40,"column":1}},"11":{"start":{"line":33,"column":20},"end":{"line":33,"column":55}},"12":{"start":{"line":34,"column":17},"end":{"line":34,"column":80}},"13":{"start":{"line":35,"column":4},"end":{"line":37,"column":5}},"14":{"start":{"line":36,"column":8},"end":{"line":36,"column":38}},"15":{"start":{"line":39,"column":4},"end":{"line":39,"column":15}},"16":{"start":{"line":43,"column":18},"end":{"line":52,"column":1}},"17":{"start":{"line":45,"column":4},"end":{"line":51,"column":6}},"18":{"start":{"line":54,"column":16},"end":{"line":62,"column":1}},"19":{"start":{"line":56,"column":4},"end":{"line":58,"column":7}},"20":{"start":{"line":57,"column":8},"end":{"line":57,"column":34}},"21":{"start":{"line":59,"column":4},"end":{"line":59,"column":22}},"22":{"start":{"line":61,"column":4},"end":{"line":61,"column":15}}},"fnMap":{"0":{"name":"(anonymous_0)","decl":{"start":{"line":8,"column":15},"end":{"line":8,"column":16}},"loc":{"start":{"line":8,"column":42},"end":{"line":22,"column":1}},"line":8},"1":{"name":"(anonymous_1)","decl":{"start":{"line":24,"column":15},"end":{"line":24,"column":16}},"loc":{"start":{"line":24,"column":42},"end":{"line":30,"column":1}},"line":24},"2":{"name":"(anonymous_2)","decl":{"start":{"line":32,"column":25},"end":{"line":32,"column":26}},"loc":{"start":{"line":32,"column":42},"end":{"line":40,"column":1}},"line":32},"3":{"name":"(anonymous_3)","decl":{"start":{"line":43,"column":18},"end":{"line":43,"column":19}},"loc":{"start":{"line":43,"column":46},"end":{"line":52,"column":1}},"line":43},"4":{"name":"(anonymous_4)","decl":{"start":{"line":54,"column":16},"end":{"line":54,"column":17}},"loc":{"start":{"line":54,"column":39},"end":{"line":62,"column":1}},"line":54},"5":{"name":"(anonymous_5)","decl":{"start":{"line":56,"column":37},"end":{"line":56,"column":38}},"loc":{"start":{"line":56,"column":43},"end":{"line":58,"column":5}},"line":56}},"branchMap":{"0":{"loc":{"start":{"line":12,"column":4},"end":{"line":14,"column":5}},"type":"if","locations":[{"start":{"line":12,"column":4},"end":{"line":14,"column":5}},{"start":{"line":12,"column":4},"end":{"line":14,"column":5}}],"line":12},"1":{"loc":{"start":{"line":35,"column":4},"end":{"line":37,"column":5}},"type":"if","locations":[{"start":{"line":35,"column":4},"end":{"line":37,"column":5}},{"start":{"line":35,"column":4},"end":{"line":37,"column":5}}],"line":35}},"s":{"0":8,"1":4,"2":4,"3":2,"4":2,"5":2,"6":8,"7":6,"8":2,"9":2,"10":8,"11":10,"12":10,"13":10,"14":1,"15":9,"16":8,"17":3,"18":8,"19":2,"20":2,"21":2,"22":2},"f":{"0":4,"1":6,"2":10,"3":3,"4":2,"5":2},"b":{"0":[2,2],"1":[1,9]},"_coverageSchema":"1a1c01bbd47fc00a2c39e90264f33305004495a9","hash":"8691614368f384bf09c8d14526cf019a078e3878"}
}
