TN:
SF:__tests__\utils\mongoose.js
FN:12,(anonymous_0)
FN:14,(anonymous_1)
FN:16,(anonymous_2)
FNF:3
FNH:3
FNDA:10,(anonymous_0)
FNDA:10,(anonymous_1)
FNDA:18,(anonymous_2)
DA:4,10
DA:12,10
DA:14,10
DA:16,18
LF:4
LH:4
BRF:0
BRH:0
end_of_record
TN:
SF:config\index.js
FNF:0
FNH:0
DA:3,12
LF:1
LH:1
BRDA:6,0,0,12
BRDA:6,0,1,0
BRDA:7,1,0,12
BRDA:7,1,1,12
BRDA:8,2,0,12
BRDA:8,2,1,12
BRDA:9,3,0,12
BRDA:9,3,1,12
BRDA:10,4,0,12
BRDA:10,4,1,12
BRF:10
BRH:9
end_of_record
TN:
SF:src\errors\bad-request.js
FN:7,(anonymous_0)
FN:15,(anonymous_1)
FNF:2
FNH:2
FNDA:16,(anonymous_0)
FNDA:4,(anonymous_1)
DA:5,16
DA:8,16
DA:10,16
DA:12,16
DA:16,4
LF:5
LH:5
BRF:0
BRH:0
end_of_record
TN:
SF:src\errors\custom-error.js
FN:3,(anonymous_0)
FN:13,(anonymous_1)
FNF:2
FNH:1
FNDA:36,(anonymous_0)
FNDA:0,(anonymous_1)
DA:4,36
DA:6,36
DA:8,36
DA:9,1
DA:14,0
LF:5
LH:4
BRDA:8,0,0,1
BRDA:8,0,1,35
BRF:2
BRH:2
end_of_record
TN:
SF:src\errors\index.js
FNF:0
FNH:0
LF:0
LH:0
BRF:0
BRH:0
end_of_record
TN:
SF:src\errors\not-authorized.js
FN:7,(anonymous_0)
FN:13,(anonymous_1)
FNF:2
FNH:2
FNDA:6,(anonymous_0)
FNDA:4,(anonymous_1)
DA:5,6
DA:8,6
DA:10,6
DA:14,4
LF:4
LH:4
BRF:0
BRH:0
end_of_record
TN:
SF:src\errors\not-found.js
FN:7,(anonymous_0)
FN:13,(anonymous_1)
FNF:2
FNH:2
FNDA:4,(anonymous_0)
FNDA:4,(anonymous_1)
DA:5,4
DA:8,4
DA:10,4
DA:14,4
LF:4
LH:4
BRF:0
BRH:0
end_of_record
TN:
SF:src\errors\request-validation.js
FN:7,(anonymous_0)
FN:14,(anonymous_1)
FN:15,(anonymous_2)
FNF:3
FNH:3
FNDA:9,(anonymous_0)
FNDA:8,(anonymous_1)
FNDA:13,(anonymous_2)
DA:5,9
DA:8,9
DA:9,9
DA:11,9
DA:15,8
DA:16,13
LF:6
LH:6
BRF:0
BRH:0
end_of_record
TN:
SF:src\loaders\express.js
FN:15,(anonymous_0)
FN:27,(anonymous_1)
FNF:2
FNH:2
FNDA:6,(anonymous_0)
FNDA:2,(anonymous_1)
DA:16,6
DA:18,6
DA:19,6
DA:21,6
DA:22,6
DA:23,6
DA:24,6
DA:25,6
DA:27,6
DA:28,2
DA:31,6
DA:34,6
LF:12
LH:12
BRF:0
BRH:0
end_of_record
TN:
SF:src\middleware\auth.js
FN:4,(anonymous_0)
FNF:1
FNH:1
FNDA:12,(anonymous_0)
DA:5,12
DA:7,12
DA:8,3
DA:11,9
DA:12,9
DA:14,9
LF:6
LH:6
BRDA:7,0,0,3
BRDA:7,0,1,9
BRF:2
BRH:2
end_of_record
TN:
SF:src\middleware\error-handler.js
FN:4,(anonymous_0)
FNF:1
FNH:1
FNDA:18,(anonymous_0)
DA:6,18
DA:7,0
DA:10,18
DA:11,16
DA:14,2
DA:15,1
DA:18,1
LF:7
LH:6
BRDA:6,0,0,0
BRDA:6,0,1,18
BRDA:10,1,0,16
BRDA:10,1,1,2
BRDA:14,2,0,1
BRDA:14,2,1,1
BRDA:14,3,0,2
BRDA:14,3,1,2
BRF:8
BRH:7
end_of_record
TN:
SF:src\middleware\validate-request.js
FN:4,(anonymous_0)
FNF:1
FNH:1
FNDA:16,(anonymous_0)
DA:5,16
DA:7,16
DA:8,8
DA:11,8
LF:4
LH:4
BRDA:7,0,0,8
BRDA:7,0,1,8
BRF:2
BRH:2
end_of_record
TN:
SF:src\models\activity.model.js
FNF:0
FNH:0
DA:4,7
LF:1
LH:1
BRF:0
BRH:0
end_of_record
TN:
SF:src\models\book.model.js
FNF:0
FNH:0
DA:4,8
LF:1
LH:1
BRF:0
BRH:0
end_of_record
TN:
SF:src\models\user.model.js
FN:36,(anonymous_0)
FN:49,(anonymous_1)
FN:62,(anonymous_2)
FN:79,(anonymous_3)
FNF:4
FNH:4
FNDA:4,(anonymous_0)
FNDA:3,(anonymous_1)
FNDA:9,(anonymous_2)
FNDA:18,(anonymous_3)
DA:7,10
DA:36,10
DA:37,4
DA:39,4
DA:40,4
DA:41,4
DA:42,4
DA:43,4
DA:45,4
DA:49,10
DA:50,3
DA:51,3
DA:53,3
DA:55,3
DA:57,3
DA:62,10
DA:63,9
DA:65,9
DA:66,3
DA:69,6
DA:71,6
DA:72,3
DA:75,3
DA:79,10
DA:81,18
DA:83,18
DA:84,13
DA:87,18
DA:91,10
LF:29
LH:29
BRDA:65,0,0,3
BRDA:65,0,1,6
BRDA:71,1,0,3
BRDA:71,1,1,3
BRDA:83,2,0,13
BRDA:83,2,1,5
BRF:6
BRH:6
end_of_record
TN:
SF:src\routes\feed.js
FN:11,(anonymous_0)
FN:21,(anonymous_1)
FNF:2
FNH:2
FNDA:2,(anonymous_0)
FNDA:2,(anonymous_1)
DA:6,6
DA:8,6
DA:13,2
DA:15,2
DA:21,2
DA:22,2
DA:31,2
LF:7
LH:7
BRF:0
BRH:0
end_of_record
TN:
SF:src\routes\rate.js
FN:16,(anonymous_0)
FN:25,(anonymous_1)
FN:34,(anonymous_2)
FN:44,(anonymous_3)
FNF:4
FNH:4
FNDA:5,(anonymous_0)
FNDA:5,(anonymous_1)
FNDA:2,(anonymous_2)
FNDA:2,(anonymous_3)
DA:8,6
DA:10,6
DA:17,5
DA:18,2
DA:20,3
DA:26,5
DA:27,2
DA:29,3
DA:35,2
DA:36,1
DA:38,1
DA:47,2
DA:48,2
DA:52,2
DA:53,6
DA:54,3
DA:67,2
DA:73,2
DA:75,2
DA:77,2
LF:20
LH:20
BRDA:17,0,0,2
BRDA:17,0,1,3
BRDA:26,1,0,2
BRDA:26,1,1,3
BRDA:35,2,0,1
BRDA:35,2,1,1
BRDA:35,3,0,2
BRDA:35,3,1,2
BRDA:53,4,0,3
BRDA:53,4,1,3
BRF:10
BRH:10
end_of_record
TN:
SF:src\routes\signin.js
FN:20,(anonymous_0)
FNF:1
FNH:1
FNDA:3,(anonymous_0)
DA:6,6
DA:8,6
DA:21,3
DA:23,1
LF:4
LH:4
BRF:0
BRH:0
end_of_record
TN:
SF:src\routes\signout.js
FN:10,(anonymous_0)
FNF:1
FNH:1
FNDA:1,(anonymous_0)
DA:5,6
DA:7,6
DA:11,1
DA:13,1
LF:4
LH:4
BRF:0
BRH:0
end_of_record
TN:
SF:src\routes\signup.js
FN:20,(anonymous_0)
FNF:1
FNH:1
FNDA:2,(anonymous_0)
DA:6,6
DA:8,6
DA:21,2
DA:23,1
LF:4
LH:4
BRF:0
BRH:0
end_of_record
TN:
SF:src\schemas\rating.js
FN:13,(anonymous_0)
FNF:1
FNH:1
FNDA:21,(anonymous_0)
DA:14,21
DA:15,0
LF:2
LH:1
BRDA:14,0,0,0
BRDA:14,0,1,21
BRF:2
BRH:1
end_of_record
TN:
SF:src\services\activity.service.js
FN:3,(anonymous_0)
FN:12,(anonymous_1)
FN:33,(anonymous_2)
FNF:3
FNH:3
FNDA:4,(anonymous_0)
FNDA:4,(anonymous_1)
FNDA:1,(anonymous_2)
DA:3,7
DA:4,4
DA:9,4
DA:12,7
DA:13,4
DA:33,7
DA:34,1
LF:7
LH:7
BRF:0
BRH:0
end_of_record
TN:
SF:src\services\book.service.js
FN:4,(anonymous_0)
FN:37,(anonymous_1)
FN:45,(anonymous_2)
FNF:3
FNH:3
FNDA:1,(anonymous_0)
FNDA:8,(anonymous_1)
FNDA:4,(anonymous_2)
DA:4,7
DA:5,1
DA:33,1
DA:34,1
DA:37,7
DA:38,8
DA:40,8
DA:41,1
DA:45,7
DA:46,4
DA:49,7
DA:51,3
DA:52,7
DA:57,4
DA:60,7
DA:62,7
LF:16
LH:16
BRDA:40,0,0,1
BRDA:40,0,1,7
BRDA:49,1,0,3
BRDA:49,1,1,4
BRF:4
BRH:4
end_of_record
TN:
SF:src\services\user.service.js
FN:7,(anonymous_0)
FN:23,(anonymous_1)
FN:31,(anonymous_2)
FN:41,(anonymous_3)
FN:52,(anonymous_4)
FN:54,(anonymous_5)
FNF:6
FNH:6
FNDA:4,(anonymous_0)
FNDA:6,(anonymous_1)
FNDA:10,(anonymous_2)
FNDA:3,(anonymous_3)
FNDA:2,(anonymous_4)
FNDA:2,(anonymous_5)
DA:7,8
DA:9,4
DA:11,4
DA:12,2
DA:15,2
DA:20,2
DA:23,8
DA:25,6
DA:26,2
DA:28,2
DA:31,8
DA:32,10
DA:33,10
DA:34,10
DA:35,1
DA:38,9
DA:41,8
DA:43,3
DA:52,8
DA:54,2
DA:55,2
DA:57,2
DA:59,2
LF:23
LH:23
BRDA:11,0,0,2
BRDA:11,0,1,2
BRDA:34,1,0,1
BRDA:34,1,1,9
BRF:4
BRH:4
end_of_record
